  tst.c
c:\users\rohit\documents\github\base\numerical\c\numericalrecipiescode\src\ch02\tst.c(186): warning C4013: 'gaussj' undefined; assuming extern returning int
c:\users\rohit\documents\github\base\numerical\c\numericalrecipiescode\src\ch02\tst.c(202): warning C4013: 'ludcmp' undefined; assuming extern returning int
c:\users\rohit\documents\github\base\numerical\c\numericalrecipiescode\src\ch02\tst.c(241): warning C4244: '=': conversion from 'int' to 'float', possible loss of data
c:\users\rohit\documents\github\base\numerical\c\numericalrecipiescode\src\ch02\tst.c(256): warning C4013: 'lubksb' undefined; assuming extern returning int
c:\users\rohit\documents\github\base\numerical\c\numericalrecipiescode\src\ch02\tst.c(269): warning C4244: '=': conversion from 'int' to 'float', possible loss of data
c:\users\rohit\documents\github\base\numerical\c\numericalrecipiescode\src\ch02\tst.c(271): warning C4013: 'mprove' undefined; assuming extern returning int
c:\users\rohit\documents\github\base\numerical\c\numericalrecipiescode\src\ch02\tst.c(287): warning C4013: 'svdcmp' undefined; assuming extern returning int
c:\users\rohit\documents\github\base\numerical\c\numericalrecipiescode\src\ch02\tst.c(311): warning C4013: 'sprsin' undefined; assuming extern returning int
c:\users\rohit\documents\github\base\numerical\c\numericalrecipiescode\src\ch02\tst.c(329): warning C4013: 'sprsax' undefined; assuming extern returning int
c:\users\rohit\documents\github\base\numerical\c\numericalrecipiescode\src\ch02\tst.c(333): warning C4013: 'sprstx' undefined; assuming extern returning int
c:\users\rohit\documents\github\base\numerical\c\numericalrecipiescode\src\ch02\tst.c(346): warning C4013: 'dsprsin' undefined; assuming extern returning int
c:\users\rohit\documents\github\base\numerical\c\numericalrecipiescode\src\ch02\tst.c(359): warning C4013: 'linbcg' undefined; assuming extern returning int
c:\users\rohit\documents\github\base\numerical\c\numericalrecipiescode\src\ch02\tst.c(361): warning C4018: '<': signed/unsigned mismatch
c:\users\rohit\documents\github\base\numerical\c\numericalrecipiescode\src\ch02\tst.c(362): warning C4018: '<': signed/unsigned mismatch
c:\users\rohit\documents\github\base\numerical\c\numericalrecipiescode\src\ch02\tst.c(384): warning C4013: 'vander' undefined; assuming extern returning int
c:\users\rohit\documents\github\base\numerical\c\numericalrecipiescode\src\ch02\tst.c(396): warning C4305: '=': truncation from 'double' to 'float'
c:\users\rohit\documents\github\base\numerical\c\numericalrecipiescode\src\ch02\tst.c(404): warning C4013: 'toeplz' undefined; assuming extern returning int
c:\users\rohit\documents\github\base\numerical\c\numericalrecipiescode\src\ch02\tst.c(429): warning C4013: 'choldc' undefined; assuming extern returning int
c:\users\rohit\documents\github\base\numerical\c\numericalrecipiescode\src\ch02\tst.c(436): warning C4013: 'cholslvec' undefined; assuming extern returning int
c:\users\rohit\documents\github\base\numerical\c\numericalrecipiescode\src\ch02\tst.c(464): warning C4013: 'qrdcmp' undefined; assuming extern returning int
c:\users\rohit\documents\github\base\numerical\c\numericalrecipiescode\src\ch02\tst.c(472): warning C4013: 'qrsolv' undefined; assuming extern returning int
c:\users\rohit\documents\github\base\numerical\c\numericalrecipiescode\src\ch02\tst.c(129): warning C4101: 'j': unreferenced local variable
  10-qrdcmp.c
c:\users\rohit\documents\github\base\numerical\c\numericalrecipiescode\src\ch02\10-qrdcmp.c(17): warning C4244: '=': conversion from 'double' to 'float', possible loss of data
c:\users\rohit\documents\github\base\numerical\c\numericalrecipiescode\src\ch02\10-qrdcmp.c(28): warning C4244: '+=': conversion from 'double' to 'float', possible loss of data
c:\users\rohit\documents\github\base\numerical\c\numericalrecipiescode\src\ch02\10-qrdcmp.c(29): warning C4244: '=': conversion from 'double' to 'float', possible loss of data
  Generating Code...
  NumericalRecipesVS.vcxproj -> C:\Users\rohit\Documents\GitHub\base\numerical\c\NumericalRecipiesCode\NumericalRecipesVS\Debug\NumericalRecipesVS.exe
